<?xml version="1.0" encoding="UTF-8"?>
<testng-results skipped="0" failed="0" ignored="0" total="1" passed="1">
  <reporter-output>
  </reporter-output>
  <suite name="Default suite" duration-ms="22895" started-at="2020-04-21T12:55:23Z" finished-at="2020-04-21T12:55:46Z">
    <groups>
    </groups>
    <test name="Default test" duration-ms="22895" started-at="2020-04-21T12:55:23Z" finished-at="2020-04-21T12:55:46Z">
      <class name="com.goibibo.Tests.Goibibo_Price_Test">
        <test-method status="PASS" signature="f()[pri:0, instance:com.goibibo.Tests.Goibibo_Price_Test@26653222]" name="f" duration-ms="22770" started-at="2020-04-21T12:55:23Z" finished-at="2020-04-21T12:55:46Z">
          <reporter-output>
          </reporter-output>
        </test-method> <!-- f -->
      </class> <!-- com.goibibo.Tests.Goibibo_Price_Test -->
    </test> <!-- Default test -->
  </suite> <!-- Default suite -->
</testng-results>
