<?xml version="1.0" encoding="UTF-8"?>
<testng-results skipped="0" failed="0" ignored="0" total="1" passed="1">
  <reporter-output>
  </reporter-output>
  <suite name="Default suite" duration-ms="21418" started-at="2020-04-20T09:44:08Z" finished-at="2020-04-20T09:44:30Z">
    <groups>
    </groups>
    <test name="Default test" duration-ms="21418" started-at="2020-04-20T09:44:08Z" finished-at="2020-04-20T09:44:30Z">
      <class name="com.goibibo.NewTest">
        <test-method status="PASS" signature="f()[pri:0, instance:com.goibibo.NewTest@3ffc5af1]" name="f" duration-ms="21346" started-at="2020-04-20T09:44:08Z" finished-at="2020-04-20T09:44:30Z">
          <reporter-output>
          </reporter-output>
        </test-method> <!-- f -->
      </class> <!-- com.goibibo.NewTest -->
    </test> <!-- Default test -->
  </suite> <!-- Default suite -->
</testng-results>
